<?xml version="1.0" encoding="UTF-8"?>
<!-- Generated by org.testng.reporters.JUnitReportReporter -->
<testsuite hostname="DESKTOP-7BFDLBE" name="AccessPay.Accesspay.AppTest" tests="1" failures="0" timestamp="13 Jul 2021 14:58:03 GMT" time="0.002" errors="0">
  <testcase name="testApp" time="0.002" classname="AccessPay.Accesspay.AppTest"/>
</testsuite> <!-- AccessPay.Accesspay.AppTest -->
